  App.cpp
C:\Users\Albert Gil\Desktop\MIRI\FRR\SSAO\SSAO\Src\App.cpp(98,19): warning C4305:  'initializing': truncation from 'double' to 'float'
C:\Users\Albert Gil\Desktop\MIRI\FRR\SSAO\SSAO\Src\App.cpp(116,26): warning C4305:  'initializing': truncation from 'double' to 'float'
C:\Users\Albert Gil\Desktop\MIRI\FRR\SSAO\SSAO\Src\App.cpp(117,30): warning C4305:  'initializing': truncation from 'double' to 'float'
C:\Users\Albert Gil\Desktop\MIRI\FRR\SSAO\SSAO\Src\App.cpp(355,30): warning C4018:  '<': signed/unsigned mismatch
C:\Users\Albert Gil\Desktop\MIRI\FRR\SSAO\SSAO\Src\App.cpp(519,22): warning C4244:  'initializing': conversion from 'double' to 'float', possible loss of data
C:\Users\Albert Gil\Desktop\MIRI\FRR\SSAO\SSAO\Src\App.cpp(651,105): warning C4244:  '=': conversion from 'double' to 'float', possible loss of data
C:\Users\Albert Gil\Desktop\MIRI\FRR\SSAO\SSAO\Src\App.cpp(882,49): warning C4305:  'argument': truncation from 'double' to 'float'
C:\Users\Albert Gil\Desktop\MIRI\FRR\SSAO\SSAO\Src\App.cpp(883,52): warning C4305:  'argument': truncation from 'double' to 'float'
C:\Users\Albert Gil\Desktop\MIRI\FRR\SSAO\SSAO\Src\App.cpp(966,12): warning C4244:  '=': conversion from 'double' to 'float', possible loss of data
C:\Users\Albert Gil\Desktop\MIRI\FRR\SSAO\SSAO\Src\App.cpp(967,12): warning C4244:  '=': conversion from 'double' to 'float', possible loss of data
C:\Users\Albert Gil\Desktop\MIRI\FRR\SSAO\SSAO\Src\App.cpp(971,17): warning C4244:  'initializing': conversion from 'double' to 'float', possible loss of data
C:\Users\Albert Gil\Desktop\MIRI\FRR\SSAO\SSAO\Src\App.cpp(972,17): warning C4244:  'initializing': conversion from 'double' to 'float', possible loss of data
C:\Users\Albert Gil\Desktop\MIRI\FRR\SSAO\SSAO\Src\App.cpp(974,11): warning C4244:  '=': conversion from 'double' to 'float', possible loss of data
C:\Users\Albert Gil\Desktop\MIRI\FRR\SSAO\SSAO\Src\App.cpp(975,11): warning C4244:  '=': conversion from 'double' to 'float', possible loss of data
  Cubemap.cpp
  IndexBuffer.cpp
  Mesh.cpp
  Model.cpp
  My_Texture.cpp
  Renderer.cpp
  Shader.cpp
  VertexArray.cpp
  VertexBuffer.cpp
  camera.cpp
  glm.cpp
  imgui.cpp
  imgui_demo.cpp
  imgui_draw.cpp
  imgui_impl_glfw.cpp
  imgui_impl_opengl3.cpp
  imgui_widgets.cpp
  stb_image.cpp
C:\Users\Albert Gil\Desktop\MIRI\FRR\SSAO\SSAO\Src\App.cpp(984,28): warning C4244:  'argument': conversion from 'double' to 'float', possible loss of data
LINK : warning LNK4098: defaultlib 'LIBCMT' conflicts with use of other libs; use /NODEFAULTLIB:library
  Generating code
  Compiler version has changed, fall back to full compilation.
  All 2272 functions were compiled because no usable IPDB/IOBJ from previous compilation was found.
  Finished generating code
glew32s.lib(glew.obj) : warning LNK4099: PDB 'vc120.pdb' was not found with 'glew32s.lib(glew.obj)' or at 'C:\Users\Albert Gil\Desktop\MIRI\FRR\SSAO\Release\vc120.pdb'; linking object as if no debug info
  SSAO.vcxproj -> C:\Users\Albert Gil\Desktop\MIRI\FRR\SSAO\Release\SSAO.exe
