d:\usuario\documentos\openglprojects\projects\ssao\ssao\debug\vc141.pdb
d:\usuario\documentos\openglprojects\projects\ssao\ssao\debug\vc141.idb
d:\usuario\documentos\openglprojects\projects\ssao\ssao\debug\vertexbuffer.obj
d:\usuario\documentos\openglprojects\projects\ssao\ssao\debug\vertexarray.obj
d:\usuario\documentos\openglprojects\projects\ssao\ssao\debug\stb_image.obj
d:\usuario\documentos\openglprojects\projects\ssao\ssao\debug\imgui_widgets.obj
d:\usuario\documentos\openglprojects\projects\ssao\ssao\debug\imgui_impl_opengl3.obj
d:\usuario\documentos\openglprojects\projects\ssao\ssao\debug\imgui_impl_glfw.obj
d:\usuario\documentos\openglprojects\projects\ssao\ssao\debug\imgui_draw.obj
d:\usuario\documentos\openglprojects\projects\ssao\ssao\debug\imgui_demo.obj
d:\usuario\documentos\openglprojects\projects\ssao\ssao\debug\imgui.obj
d:\usuario\documentos\openglprojects\projects\ssao\ssao\debug\glm.obj
d:\usuario\documentos\openglprojects\projects\ssao\ssao\debug\shader.obj
d:\usuario\documentos\openglprojects\projects\ssao\ssao\debug\renderer.obj
d:\usuario\documentos\openglprojects\projects\ssao\ssao\debug\my_texture.obj
d:\usuario\documentos\openglprojects\projects\ssao\ssao\debug\model.obj
d:\usuario\documentos\openglprojects\projects\ssao\ssao\debug\mesh.obj
d:\usuario\documentos\openglprojects\projects\ssao\ssao\debug\indexbuffer.obj
d:\usuario\documentos\openglprojects\projects\ssao\ssao\debug\cubemap.obj
d:\usuario\documentos\openglprojects\projects\ssao\ssao\debug\camera.obj
d:\usuario\documentos\openglprojects\projects\ssao\ssao\debug\app.obj
d:\usuario\documentos\openglprojects\projects\ssao\debug\ssao.ilk
d:\usuario\documentos\openglprojects\projects\ssao\debug\ssao.exe
d:\usuario\documentos\openglprojects\projects\ssao\debug\ssao.pdb
d:\usuario\documentos\openglprojects\projects\ssao\ssao\debug\ssao.tlog\cl.command.1.tlog
d:\usuario\documentos\openglprojects\projects\ssao\ssao\debug\ssao.tlog\cl.read.1.tlog
d:\usuario\documentos\openglprojects\projects\ssao\ssao\debug\ssao.tlog\cl.write.1.tlog
d:\usuario\documentos\openglprojects\projects\ssao\ssao\debug\ssao.tlog\link.command.1.tlog
d:\usuario\documentos\openglprojects\projects\ssao\ssao\debug\ssao.tlog\link.read.1.tlog
d:\usuario\documentos\openglprojects\projects\ssao\ssao\debug\ssao.tlog\link.write.1.tlog
